{"C:\\Users\\t-ethnguyen\\Project 1\\DCF Project\\src\\data\\defaultAssumptions.ts": {"path":"C:\\Users\\t-ethnguyen\\Project 1\\DCF Project\\src\\data\\defaultAssumptions.ts","statementMap":{"0":{"start":{"line":4,"column":55},"end":{"line":26,"column":null}}},"fnMap":{},"branchMap":{},"s":{"0":1},"f":{},"b":{},"meta":{"lastBranch":0,"lastFunction":0,"lastStatement":1,"seen":{"s:4:55:26:Infinity":0},"fnNames":{}}}
,"C:\\Users\\t-ethnguyen\\Project 1\\DCF Project\\src\\utils\\dcfCalculations.ts": {"path":"C:\\Users\\t-ethnguyen\\Project 1\\DCF Project\\src\\utils\\dcfCalculations.ts","statementMap":{"0":{"start":{"line":5,"column":2},"end":{"line":5,"column":null}},"1":{"start":{"line":10,"column":2},"end":{"line":10,"column":null}},"2":{"start":{"line":22,"column":23},"end":{"line":22,"column":null}},"3":{"start":{"line":23,"column":23},"end":{"line":23,"column":null}},"4":{"start":{"line":24,"column":21},"end":{"line":24,"column":null}},"5":{"start":{"line":25,"column":2},"end":{"line":25,"column":null}},"6":{"start":{"line":30,"column":27},"end":{"line":30,"column":null}},"7":{"start":{"line":31,"column":2},"end":{"line":33,"column":null}},"8":{"start":{"line":31,"column":15},"end":{"line":31,"column":18}},"9":{"start":{"line":32,"column":4},"end":{"line":32,"column":null}},"10":{"start":{"line":34,"column":2},"end":{"line":34,"column":null}},"11":{"start":{"line":58,"column":36},"end":{"line":58,"column":null}},"12":{"start":{"line":59,"column":26},"end":{"line":59,"column":null}},"13":{"start":{"line":60,"column":26},"end":{"line":60,"column":null}},"14":{"start":{"line":61,"column":26},"end":{"line":61,"column":null}},"15":{"start":{"line":62,"column":29},"end":{"line":62,"column":null}},"16":{"start":{"line":63,"column":25},"end":{"line":63,"column":null}},"17":{"start":{"line":65,"column":2},"end":{"line":82,"column":null}},"18":{"start":{"line":65,"column":15},"end":{"line":65,"column":18}},"19":{"start":{"line":66,"column":16},"end":{"line":66,"column":null}},"20":{"start":{"line":67,"column":20},"end":{"line":67,"column":null}},"21":{"start":{"line":69,"column":15},"end":{"line":69,"column":null}},"22":{"start":{"line":70,"column":15},"end":{"line":70,"column":null}},"23":{"start":{"line":71,"column":15},"end":{"line":71,"column":null}},"24":{"start":{"line":72,"column":15},"end":{"line":72,"column":null}},"25":{"start":{"line":73,"column":10},"end":{"line":73,"column":null}},"26":{"start":{"line":74,"column":15},"end":{"line":74,"column":null}},"27":{"start":{"line":76,"column":4},"end":{"line":76,"column":null}},"28":{"start":{"line":77,"column":4},"end":{"line":77,"column":null}},"29":{"start":{"line":78,"column":4},"end":{"line":78,"column":null}},"30":{"start":{"line":79,"column":4},"end":{"line":79,"column":null}},"31":{"start":{"line":80,"column":4},"end":{"line":80,"column":null}},"32":{"start":{"line":81,"column":4},"end":{"line":81,"column":null}},"33":{"start":{"line":84,"column":2},"end":{"line":84,"column":null}},"34":{"start":{"line":89,"column":2},"end":{"line":91,"column":null}},"35":{"start":{"line":90,"column":4},"end":{"line":90,"column":null}},"36":{"start":{"line":92,"column":2},"end":{"line":92,"column":null}},"37":{"start":{"line":97,"column":2},"end":{"line":99,"column":null}},"38":{"start":{"line":98,"column":4},"end":{"line":98,"column":null}},"39":{"start":{"line":100,"column":2},"end":{"line":100,"column":null}},"40":{"start":{"line":105,"column":2},"end":{"line":105,"column":null}},"41":{"start":{"line":105,"column":34},"end":{"line":105,"column":64}},"42":{"start":{"line":110,"column":2},"end":{"line":110,"column":null}},"43":{"start":{"line":110,"column":41},"end":{"line":110,"column":51}},"44":{"start":{"line":115,"column":2},"end":{"line":115,"column":null}},"45":{"start":{"line":120,"column":2},"end":{"line":122,"column":null}},"46":{"start":{"line":121,"column":4},"end":{"line":121,"column":null}},"47":{"start":{"line":123,"column":2},"end":{"line":123,"column":null}},"48":{"start":{"line":139,"column":19},"end":{"line":139,"column":null}},"49":{"start":{"line":140,"column":18},"end":{"line":148,"column":null}},"50":{"start":{"line":149,"column":20},"end":{"line":149,"column":null}},"51":{"start":{"line":151,"column":2},"end":{"line":162,"column":null}},"52":{"start":{"line":152,"column":4},"end":{"line":161,"column":null}},"53":{"start":{"line":153,"column":6},"end":{"line":153,"column":null}},"54":{"start":{"line":153,"column":26},"end":{"line":153,"column":null}},"55":{"start":{"line":154,"column":17},"end":{"line":154,"column":null}},"56":{"start":{"line":155,"column":22},"end":{"line":155,"column":null}},"57":{"start":{"line":156,"column":19},"end":{"line":156,"column":null}},"58":{"start":{"line":157,"column":17},"end":{"line":157,"column":null}},"59":{"start":{"line":158,"column":21},"end":{"line":158,"column":null}},"60":{"start":{"line":159,"column":6},"end":{"line":159,"column":null}},"61":{"start":{"line":159,"column":45},"end":{"line":159,"column":null}},"62":{"start":{"line":160,"column":6},"end":{"line":160,"column":null}},"63":{"start":{"line":170,"column":27},"end":{"line":170,"column":null}},"64":{"start":{"line":172,"column":18},"end":{"line":180,"column":null}},"65":{"start":{"line":182,"column":15},"end":{"line":189,"column":null}},"66":{"start":{"line":192,"column":4},"end":{"line":194,"column":null}},"67":{"start":{"line":196,"column":26},"end":{"line":196,"column":null}},"68":{"start":{"line":196,"column":57},"end":{"line":196,"column":86}},"69":{"start":{"line":197,"column":17},"end":{"line":197,"column":null}},"70":{"start":{"line":198,"column":26},"end":{"line":198,"column":null}},"71":{"start":{"line":199,"column":13},"end":{"line":199,"column":null}},"72":{"start":{"line":200,"column":17},"end":{"line":200,"column":null}},"73":{"start":{"line":201,"column":21},"end":{"line":201,"column":null}},"74":{"start":{"line":203,"column":2},"end":{"line":214,"column":null}}},"fnMap":{"0":{"name":"calculateNOPAT","decl":{"start":{"line":4,"column":16},"end":{"line":4,"column":31}},"loc":{"start":{"line":4,"column":81},"end":{"line":6,"column":null}},"line":4},"1":{"name":"calculateFCFF","decl":{"start":{"line":9,"column":16},"end":{"line":9,"column":30}},"loc":{"start":{"line":9,"column":101},"end":{"line":11,"column":null}},"line":9},"2":{"name":"calculateWACC","decl":{"start":{"line":14,"column":16},"end":{"line":14,"column":null}},"loc":{"start":{"line":21,"column":10},"end":{"line":26,"column":null}},"line":21},"3":{"name":"projectRevenue","decl":{"start":{"line":29,"column":16},"end":{"line":29,"column":31}},"loc":{"start":{"line":29,"column":97},"end":{"line":35,"column":null}},"line":29},"4":{"name":"projectMargins","decl":{"start":{"line":42,"column":16},"end":{"line":42,"column":null}},"loc":{"start":{"line":57,"column":2},"end":{"line":85,"column":null}},"line":57},"5":{"name":"terminalValuePerpetual","decl":{"start":{"line":88,"column":16},"end":{"line":88,"column":39}},"loc":{"start":{"line":88,"column":100},"end":{"line":93,"column":null}},"line":88},"6":{"name":"terminalValueExitMultiple","decl":{"start":{"line":96,"column":16},"end":{"line":96,"column":42}},"loc":{"start":{"line":96,"column":89},"end":{"line":101,"column":null}},"line":96},"7":{"name":"discountCashFlows","decl":{"start":{"line":104,"column":16},"end":{"line":104,"column":34}},"loc":{"start":{"line":104,"column":79},"end":{"line":106,"column":null}},"line":104},"8":{"name":"(anonymous_8)","decl":{"start":{"line":105,"column":23},"end":{"line":105,"column":24}},"loc":{"start":{"line":105,"column":34},"end":{"line":105,"column":64}},"line":105},"9":{"name":"enterpriseValue","decl":{"start":{"line":109,"column":16},"end":{"line":109,"column":32}},"loc":{"start":{"line":109,"column":88},"end":{"line":111,"column":null}},"line":109},"10":{"name":"(anonymous_10)","decl":{"start":{"line":110,"column":28},"end":{"line":110,"column":29}},"loc":{"start":{"line":110,"column":41},"end":{"line":110,"column":51}},"line":110},"11":{"name":"equityValue","decl":{"start":{"line":114,"column":16},"end":{"line":114,"column":28}},"loc":{"start":{"line":114,"column":65},"end":{"line":116,"column":null}},"line":114},"12":{"name":"impliedSharePrice","decl":{"start":{"line":119,"column":16},"end":{"line":119,"column":34}},"loc":{"start":{"line":119,"column":82},"end":{"line":124,"column":null}},"line":119},"13":{"name":"sensitivityAnalysis","decl":{"start":{"line":134,"column":16},"end":{"line":134,"column":null}},"loc":{"start":{"line":138,"column":23},"end":{"line":163,"column":null}},"line":138},"14":{"name":"(anonymous_14)","decl":{"start":{"line":151,"column":23},"end":{"line":151,"column":24}},"loc":{"start":{"line":152,"column":4},"end":{"line":161,"column":null}},"line":152},"15":{"name":"(anonymous_15)","decl":{"start":{"line":152,"column":20},"end":{"line":152,"column":21}},"loc":{"start":{"line":152,"column":32},"end":{"line":161,"column":5}},"line":152},"16":{"name":"runFullDCF","decl":{"start":{"line":169,"column":16},"end":{"line":169,"column":27}},"loc":{"start":{"line":169,"column":58},"end":{"line":215,"column":null}},"line":169},"17":{"name":"(anonymous_17)","decl":{"start":{"line":196,"column":47},"end":{"line":196,"column":48}},"loc":{"start":{"line":196,"column":57},"end":{"line":196,"column":86}},"line":196}},"branchMap":{"0":{"loc":{"start":{"line":67,"column":20},"end":{"line":67,"column":null}},"type":"cond-expr","locations":[{"start":{"line":67,"column":30},"end":{"line":67,"column":44}},{"start":{"line":67,"column":44},"end":{"line":67,"column":null}}],"line":67},"1":{"loc":{"start":{"line":89,"column":2},"end":{"line":91,"column":null}},"type":"if","locations":[{"start":{"line":89,"column":2},"end":{"line":91,"column":null}},{"start":{},"end":{}}],"line":89},"2":{"loc":{"start":{"line":97,"column":2},"end":{"line":99,"column":null}},"type":"if","locations":[{"start":{"line":97,"column":2},"end":{"line":99,"column":null}},{"start":{},"end":{}}],"line":97},"3":{"loc":{"start":{"line":120,"column":2},"end":{"line":122,"column":null}},"type":"if","locations":[{"start":{"line":120,"column":2},"end":{"line":122,"column":null}},{"start":{},"end":{}}],"line":120},"4":{"loc":{"start":{"line":153,"column":6},"end":{"line":153,"column":null}},"type":"if","locations":[{"start":{"line":153,"column":6},"end":{"line":153,"column":null}},{"start":{},"end":{}}],"line":153},"5":{"loc":{"start":{"line":159,"column":6},"end":{"line":159,"column":null}},"type":"if","locations":[{"start":{"line":159,"column":6},"end":{"line":159,"column":null}},{"start":{},"end":{}}],"line":159},"6":{"loc":{"start":{"line":192,"column":4},"end":{"line":194,"column":null}},"type":"cond-expr","locations":[{"start":{"line":193,"column":8},"end":{"line":193,"column":null}},{"start":{"line":194,"column":8},"end":{"line":194,"column":null}}],"line":192}},"s":{"0":37,"1":35,"2":10,"3":10,"4":10,"5":10,"6":13,"7":13,"8":13,"9":38,"10":13,"11":12,"12":12,"13":12,"14":12,"15":12,"16":12,"17":12,"18":12,"19":33,"20":33,"21":33,"22":33,"23":33,"24":33,"25":33,"26":33,"27":33,"28":33,"29":33,"30":33,"31":33,"32":33,"33":12,"34":21,"35":2,"36":19,"37":4,"38":2,"39":2,"40":22,"41":64,"42":20,"43":60,"44":21,"45":10,"46":2,"47":8,"48":3,"49":3,"50":3,"51":3,"52":6,"53":14,"54":2,"55":12,"56":12,"57":12,"58":12,"59":12,"60":12,"61":0,"62":12,"63":7,"64":7,"65":7,"66":7,"67":7,"68":21,"69":7,"70":7,"71":7,"72":7,"73":7,"74":7},"f":{"0":37,"1":35,"2":10,"3":13,"4":12,"5":21,"6":4,"7":22,"8":64,"9":20,"10":60,"11":21,"12":10,"13":3,"14":6,"15":14,"16":7,"17":21},"b":{"0":[12,21],"1":[2,19],"2":[2,2],"3":[2,8],"4":[2,12],"5":[0,12],"6":[6,1]},"meta":{"lastBranch":7,"lastFunction":18,"lastStatement":75,"seen":{"f:4:16:4:31":0,"s:5:2:5:Infinity":0,"f:9:16:9:30":1,"s:10:2:10:Infinity":1,"f:14:16:14:Infinity":2,"s:22:23:22:Infinity":2,"s:23:23:23:Infinity":3,"s:24:21:24:Infinity":4,"s:25:2:25:Infinity":5,"f:29:16:29:31":3,"s:30:27:30:Infinity":6,"s:31:2:33:Infinity":7,"s:31:15:31:18":8,"s:32:4:32:Infinity":9,"s:34:2:34:Infinity":10,"f:42:16:42:Infinity":4,"s:58:36:58:Infinity":11,"s:59:26:59:Infinity":12,"s:60:26:60:Infinity":13,"s:61:26:61:Infinity":14,"s:62:29:62:Infinity":15,"s:63:25:63:Infinity":16,"s:65:2:82:Infinity":17,"s:65:15:65:18":18,"s:66:16:66:Infinity":19,"s:67:20:67:Infinity":20,"b:67:30:67:44:67:44:67:Infinity":0,"s:69:15:69:Infinity":21,"s:70:15:70:Infinity":22,"s:71:15:71:Infinity":23,"s:72:15:72:Infinity":24,"s:73:10:73:Infinity":25,"s:74:15:74:Infinity":26,"s:76:4:76:Infinity":27,"s:77:4:77:Infinity":28,"s:78:4:78:Infinity":29,"s:79:4:79:Infinity":30,"s:80:4:80:Infinity":31,"s:81:4:81:Infinity":32,"s:84:2:84:Infinity":33,"f:88:16:88:39":5,"b:89:2:91:Infinity:undefined:undefined:undefined:undefined":1,"s:89:2:91:Infinity":34,"s:90:4:90:Infinity":35,"s:92:2:92:Infinity":36,"f:96:16:96:42":6,"b:97:2:99:Infinity:undefined:undefined:undefined:undefined":2,"s:97:2:99:Infinity":37,"s:98:4:98:Infinity":38,"s:100:2:100:Infinity":39,"f:104:16:104:34":7,"s:105:2:105:Infinity":40,"f:105:23:105:24":8,"s:105:34:105:64":41,"f:109:16:109:32":9,"s:110:2:110:Infinity":42,"f:110:28:110:29":10,"s:110:41:110:51":43,"f:114:16:114:28":11,"s:115:2:115:Infinity":44,"f:119:16:119:34":12,"b:120:2:122:Infinity:undefined:undefined:undefined:undefined":3,"s:120:2:122:Infinity":45,"s:121:4:121:Infinity":46,"s:123:2:123:Infinity":47,"f:134:16:134:Infinity":13,"s:139:19:139:Infinity":48,"s:140:18:148:Infinity":49,"s:149:20:149:Infinity":50,"s:151:2:162:Infinity":51,"f:151:23:151:24":14,"s:152:4:161:Infinity":52,"f:152:20:152:21":15,"b:153:6:153:Infinity:undefined:undefined:undefined:undefined":4,"s:153:6:153:Infinity":53,"s:153:26:153:Infinity":54,"s:154:17:154:Infinity":55,"s:155:22:155:Infinity":56,"s:156:19:156:Infinity":57,"s:157:17:157:Infinity":58,"s:158:21:158:Infinity":59,"b:159:6:159:Infinity:undefined:undefined:undefined:undefined":5,"s:159:6:159:Infinity":60,"s:159:45:159:Infinity":61,"s:160:6:160:Infinity":62,"f:169:16:169:27":16,"s:170:27:170:Infinity":63,"s:172:18:180:Infinity":64,"s:182:15:189:Infinity":65,"s:192:4:194:Infinity":66,"b:193:8:193:Infinity:194:8:194:Infinity":6,"s:196:26:196:Infinity":67,"f:196:47:196:48":17,"s:196:57:196:86":68,"s:197:17:197:Infinity":69,"s:198:26:198:Infinity":70,"s:199:13:199:Infinity":71,"s:200:17:200:Infinity":72,"s:201:21:201:Infinity":73,"s:203:2:214:Infinity":74},"fnNames":{}}}
}
